[    0.000000] Initializing cgroup subsys cpuset
[    0.000000] Initializing cgroup subsys cpu
[    0.000000] Initializing cgroup subsys cpuacct
[    0.000000] Linux version 4.4.0-210-generic (buildd@lgw01-amd64-009) (gcc version 5.4.0 20160609 (Ubuntu 5.4.0-6ubuntu1~16.04.12) ) #242-Ubuntu SMP Fri Apr 16 09:57:56 UTC 2021 (Ubuntu 4.4.0-210.242-generic 4.4.262)
[    0.000000] Command line: BOOT_IMAGE=/boot/vmlinuz-4.4.0-210-generic root=LABEL=cloudimg-rootfs ro console=tty1 console=ttyS0
[    0.000000] KERNEL supported cpus:
[    0.000000]   Intel GenuineIntel
[    0.000000]   AMD AuthenticAMD
[    0.000000]   Centaur CentaurHauls
[    0.000000] x86/fpu: xstate_offset[2]:  576, xstate_sizes[2]:  256
[    0.000000] x86/fpu: Supporting XSAVE feature 0x01: 'x87 floating point registers'
[    0.000000] x86/fpu: Supporting XSAVE feature 0x02: 'SSE registers'
[    0.000000] x86/fpu: Supporting XSAVE feature 0x04: 'AVX registers'
[    0.000000] x86/fpu: Enabled xstate features 0x7, context size is 832 bytes, using 'standard' format.
[    0.000000] e820: BIOS-provided physical RAM map:
[    0.000000] BIOS-e820: [mem 0x0000000000000000-0x000000000009fbff] usable
[    0.000000] BIOS-e820: [mem 0x000000000009fc00-0x000000000009ffff] reserved
[    0.000000] BIOS-e820: [mem 0x00000000000f0000-0x00000000000fffff] reserved
[    0.000000] BIOS-e820: [mem 0x0000000000100000-0x000000003ffeffff] usable
[    0.000000] BIOS-e820: [mem 0x000000003fff0000-0x000000003fffffff] ACPI data
[    0.000000] BIOS-e820: [mem 0x00000000fec00000-0x00000000fec00fff] reserved
[    0.000000] BIOS-e820: [mem 0x00000000fee00000-0x00000000fee00fff] reserved
[    0.000000] BIOS-e820: [mem 0x00000000fffc0000-0x00000000ffffffff] reserved
[    0.000000] NX (Execute Disable) protection: active
[    0.000000] SMBIOS 2.5 present.
[    0.000000] Hypervisor detected: KVM
[    0.000000] e820: last_pfn = 0x3fff0 max_arch_pfn = 0x400000000
[    0.000000] MTRR: Disabled
[    0.000000] x86/PAT: MTRRs disabled, skipping PAT initialization too.
[    0.000000] CPU MTRRs all blank - virtualized system.
[    0.000000] x86/PAT: Configuration [0-7]: WB  WT  UC- UC  WB  WT  UC- UC  
[    0.000000] found SMP MP-table at [mem 0x0009fff0-0x0009ffff] mapped at [ffff88000009fff0]
[    0.000000] Scanning 1 areas for low memory corruption
[    0.000000] RAMDISK: [mem 0x362dc000-0x37165fff]
[    0.000000] ACPI: Early table checksum verification disabled
[    0.000000] ACPI: RSDP 0x00000000000E0000 000024 (v02 VBOX  )
[    0.000000] ACPI: XSDT 0x000000003FFF0030 00003C (v01 VBOX   VBOXXSDT 00000001 ASL  00000061)
[    0.000000] ACPI: FACP 0x000000003FFF00F0 0000F4 (v04 VBOX   VBOXFACP 00000001 ASL  00000061)
[    0.000000] ACPI: DSDT 0x000000003FFF0470 002325 (v02 VBOX   VBOXBIOS 00000002 INTL 20120111)
[    0.000000] ACPI: FACS 0x000000003FFF0200 000040
[    0.000000] ACPI: FACS 0x000000003FFF0200 000040
[    0.000000] ACPI: APIC 0x000000003FFF0240 00005C (v02 VBOX   VBOXAPIC 00000001 ASL  00000061)
[    0.000000] ACPI: SSDT 0x000000003FFF02A0 0001CC (v01 VBOX   VBOXCPUT 00000002 INTL 20120111)
[    0.000000] No NUMA configuration found
[    0.000000] Faking a node at [mem 0x0000000000000000-0x000000003ffeffff]
[    0.000000] NODE_DATA(0) allocated [mem 0x3ffeb000-0x3ffeffff]
[    0.000000] kvm-clock: Using msrs 4b564d01 and 4b564d00
[    0.000000] kvm-clock: cpu 0, msr 0:3ffe3001, primary cpu clock
[    0.000000] kvm-clock: using sched offset of 6355912918 cycles
[    0.000000] clocksource: kvm-clock: mask: 0xffffffffffffffff max_cycles: 0x1cd42e4dffb, max_idle_ns: 881590591483 ns
[    0.000000] Zone ranges:
[    0.000000]   DMA      [mem 0x0000000000001000-0x0000000000ffffff]
[    0.000000]   DMA32    [mem 0x0000000001000000-0x000000003ffeffff]
[    0.000000]   Normal   empty
[    0.000000]   Device   empty
[    0.000000] Movable zone start for each node
[    0.000000] Early memory node ranges
[    0.000000]   node   0: [mem 0x0000000000001000-0x000000000009efff]
[    0.000000]   node   0: [mem 0x0000000000100000-0x000000003ffeffff]
[    0.000000] Initmem setup node 0 [mem 0x0000000000001000-0x000000003ffeffff]
[    0.000000] ACPI: PM-Timer IO Port: 0x4008
[    0.000000] IOAPIC[0]: apic_id 2, version 32, address 0xfec00000, GSI 0-23
[    0.000000] ACPI: INT_SRC_OVR (bus 0 bus_irq 0 global_irq 2 dfl dfl)
[    0.000000] ACPI: INT_SRC_OVR (bus 0 bus_irq 9 global_irq 9 low level)
[    0.000000] Using ACPI (MADT) for SMP configuration information
[    0.000000] smpboot: Allowing 2 CPUs, 0 hotplug CPUs
[    0.000000] PM: Registered nosave memory: [mem 0x00000000-0x00000fff]
[    0.000000] PM: Registered nosave memory: [mem 0x0009f000-0x0009ffff]
[    0.000000] PM: Registered nosave memory: [mem 0x000a0000-0x000effff]
[    0.000000] PM: Registered nosave memory: [mem 0x000f0000-0x000fffff]
[    0.000000] e820: [mem 0x40000000-0xfebfffff] available for PCI devices
[    0.000000] Booting paravirtualized kernel on KVM
[    0.000000] clocksource: refined-jiffies: mask: 0xffffffff max_cycles: 0xffffffff, max_idle_ns: 7645519600211568 ns
[    0.000000] setup_percpu: NR_CPUS:512 nr_cpumask_bits:512 nr_cpu_ids:2 nr_node_ids:1
[    0.000000] PERCPU: Embedded 33 pages/cpu @ffff88003fc00000 s95192 r8192 d31784 u1048576
[    0.000000] Built 1 zonelists in Node order, mobility grouping on.  Total pages: 257912
[    0.000000] Policy zone: DMA32
[    0.000000] Kernel command line: BOOT_IMAGE=/boot/vmlinuz-4.4.0-210-generic root=LABEL=cloudimg-rootfs ro console=tty1 console=ttyS0
[    0.000000] PID hash table entries: 4096 (order: 3, 32768 bytes)
[    0.000000] Memory: 997792K/1048120K available (8644K kernel code, 1332K rwdata, 4044K rodata, 1492K init, 1164K bss, 50328K reserved, 0K cma-reserved)
[    0.000000] SLUB: HWalign=64, Order=0-3, MinObjects=0, CPUs=2, Nodes=1
[    0.000000] Kernel/User page tables isolation: enabled
[    0.000000] Hierarchical RCU implementation.
[    0.000000] 	Build-time adjustment of leaf fanout to 64.
[    0.000000] 	RCU restricting CPUs from NR_CPUS=512 to nr_cpu_ids=2.
[    0.000000] RCU: Adjusting geometry for rcu_fanout_leaf=64, nr_cpu_ids=2
[    0.000000] NR_IRQS:33024 nr_irqs:440 16
[    0.000000] Console: colour VGA+ 80x25
[    0.000000] console [tty1] enabled
[    0.000000] console [ttyS0] enabled
[    0.000000] tsc: Detected 2807.998 MHz processor
[    0.161140] Calibrating delay loop (skipped) preset value.. 5615.99 BogoMIPS (lpj=11231992)
[    0.163321] pid_max: default: 32768 minimum: 301
[    0.164510] ACPI: Core revision 20150930
[    0.166304] ACPI: 2 ACPI AML tables successfully acquired and loaded
[    0.167985] Security Framework initialized
[    0.168978] Yama: becoming mindful.
[    0.170377] AppArmor: AppArmor initialized
[    0.171886] Dentry cache hash table entries: 131072 (order: 8, 1048576 bytes)
[    0.174797] Inode-cache hash table entries: 65536 (order: 7, 524288 bytes)
[    0.176446] Mount-cache hash table entries: 2048 (order: 2, 16384 bytes)
[    0.177931] Mountpoint-cache hash table entries: 2048 (order: 2, 16384 bytes)
[    0.179979] Initializing cgroup subsys io
[    0.181677] Initializing cgroup subsys memory
[    0.182693] Initializing cgroup subsys devices
[    0.183718] Initializing cgroup subsys freezer
[    0.184799] Initializing cgroup subsys net_cls
[    0.186300] Initializing cgroup subsys perf_event
[    0.187954] Initializing cgroup subsys net_prio
[    0.189350] Initializing cgroup subsys hugetlb
[    0.190406] Initializing cgroup subsys pids
[    0.208672] mce: CPU supports 0 MCE banks
[    0.210259] Last level iTLB entries: 4KB 64, 2MB 8, 4MB 8
[    0.211595] Last level dTLB entries: 4KB 64, 2MB 0, 4MB 0, 1GB 4
[    0.212941] Spectre V1 : Mitigation: usercopy/swapgs barriers and __user pointer sanitization
[    0.214921] Spectre V2 : Mitigation: Full generic retpoline
[    0.216645] Spectre V2 : Spectre v2 / SpectreRSB mitigation: Filling RSB on context switch
[    0.218902] Speculative Store Bypass: Vulnerable
[    0.219959] SRBDS: Unknown: Dependent on hypervisor status
[    0.221428] MDS: Mitigation: Clear CPU buffers
[    0.225475] Freeing SMP alternatives memory: 36K
[    0.232828] ftrace: allocating 32380 entries in 127 pages
[    0.295144] smpboot: APIC(0) Converting physical 0 to logical package 0
[    0.297132] smpboot: Max logical packages: 1
[    0.298591] x2apic enabled
[    0.299562] Switched APIC routing to physical x2apic.
[    0.302379] ..TIMER: vector=0x30 apic1=0 pin1=2 apic2=-1 pin2=-1
[    0.412343] smpboot: CPU0: Intel(R) Core(TM) i7-7700HQ CPU @ 2.80GHz (family: 0x6, model: 0x9e, stepping: 0x9)
[    0.415376] Performance Events: unsupported p6 CPU model 158 no PMU driver, software events only.
[    0.428299] KVM setup paravirtual spinlock
[    0.430676] x86: Booting SMP configuration:
[    0.432021] .... node  #0, CPUs:      #1
[    0.433510] kvm-clock: cpu 1, msr 0:3ffe3041, secondary cpu clock
[    0.452245] mce: CPU supports 0 MCE banks
[    0.455539] x86: Booted up 1 node, 2 CPUs
[    0.457360] smpboot: Total of 2 processors activated (11231.99 BogoMIPS)
[    0.459201] devtmpfs: initialized
[    0.462039] evm: security.selinux
[    0.463216] evm: security.SMACK64
[    0.464460] evm: security.SMACK64EXEC
[    0.465721] evm: security.SMACK64TRANSMUTE
[    0.467006] evm: security.SMACK64MMAP
[    0.467945] evm: security.ima
[    0.468745] evm: security.capability
[    0.469783] clocksource: jiffies: mask: 0xffffffff max_cycles: 0xffffffff, max_idle_ns: 7645041785100000 ns
[    0.472010] futex hash table entries: 512 (order: 3, 32768 bytes)
[    0.473575] pinctrl core: initialized pinctrl subsystem
[    0.474852] RTC time: 16:34:43, date: 07/26/22
[    0.476756] NET: Registered protocol family 16
[    0.488411] cpuidle: using governor ladder
[    0.501105] cpuidle: using governor menu
[    0.503294] PCCT header not found.
[    0.504937] ACPI: bus type PCI registered
[    0.506390] acpiphp: ACPI Hot Plug PCI Controller Driver version: 0.5
[    0.508499] PCI: Using configuration type 1 for base access
[    0.525254] ACPI: Added _OSI(Module Device)
[    0.526648] ACPI: Added _OSI(Processor Device)
[    0.527954] ACPI: Added _OSI(3.0 _SCP Extensions)
[    0.529098] ACPI: Added _OSI(Processor Aggregator Device)
[    0.531122] ACPI: Executed 1 blocks of module-level executable AML code
[    0.534591] ACPI: Interpreter enabled
[    0.535762] ACPI: (supports S0 S5)
[    0.536670] ACPI: Using IOAPIC for interrupt routing
[    0.537915] PCI: Using host bridge windows from ACPI; if necessary, use "pci=nocrs" and report a bug
[    0.544772] ACPI: PCI Root Bridge [PCI0] (domain 0000 [bus 00-ff])
[    0.546905] acpi PNP0A03:00: _OSC: OS supports [ASPM ClockPM Segments MSI]
[    0.549487] acpi PNP0A03:00: _OSC: not requesting OS control; OS requires [ExtendedConfig ASPM ClockPM MSI]
[    0.551758] acpi PNP0A03:00: fail to add MMCONFIG information, can't access extended PCI configuration space under this bridge.
[    0.554809] PCI host bridge to bus 0000:00
[    0.555822] pci_bus 0000:00: root bus resource [io  0x0000-0x0cf7 window]
[    0.557312] pci_bus 0000:00: root bus resource [io  0x0d00-0xffff window]
[    0.558830] pci_bus 0000:00: root bus resource [mem 0x000a0000-0x000bffff window]
[    0.560661] pci_bus 0000:00: root bus resource [mem 0x40000000-0xfdffffff window]
[    0.562451] pci_bus 0000:00: root bus resource [bus 00-ff]
[    0.566347] pci 0000:00:01.1: legacy IDE quirk: reg 0x10: [io  0x01f0-0x01f7]
[    0.568473] pci 0000:00:01.1: legacy IDE quirk: reg 0x14: [io  0x03f6]
[    0.570266] pci 0000:00:01.1: legacy IDE quirk: reg 0x18: [io  0x0170-0x0177]
[    0.580477] pci 0000:00:01.1: legacy IDE quirk: reg 0x1c: [io  0x0376]
[    0.595934] pci 0000:00:07.0: quirk: [io  0x4000-0x403f] claimed by PIIX4 ACPI
[    0.597936] pci 0000:00:07.0: quirk: [io  0x4100-0x410f] claimed by PIIX4 SMB
[    0.608114] ACPI: PCI Interrupt Link [LNKA] (IRQs 5 9 10 *11)
[    0.610341] ACPI: PCI Interrupt Link [LNKB] (IRQs 5 9 *10 11)
[    0.612201] ACPI: PCI Interrupt Link [LNKC] (IRQs 5 *9 10 11)
[    0.614249] ACPI: PCI Interrupt Link [LNKD] (IRQs 5 9 10 *11)
[    0.616205] ACPI: Enabled 2 GPEs in block 00 to 07
[    0.617630] vgaarb: setting as boot device: PCI:0000:00:02.0
[    0.619605] vgaarb: device added: PCI:0000:00:02.0,decodes=io+mem,owns=io+mem,locks=none
[    0.621846] vgaarb: loaded
[    0.622580] vgaarb: bridge control possible 0000:00:02.0
[    0.624068] SCSI subsystem initialized
[    0.625214] ACPI: bus type USB registered
[    0.626195] usbcore: registered new interface driver usbfs
[    0.627657] usbcore: registered new interface driver hub
[    0.629205] usbcore: registered new device driver usb
[    0.631707] PCI: Using ACPI for IRQ routing
[    0.633080] NetLabel: Initializing
[    0.634361] NetLabel:  domain hash size = 128
[    0.635845] NetLabel:  protocols = UNLABELED CIPSOv4
[    0.636970] NetLabel:  unlabeled traffic allowed by default
[    0.638359] amd_nb: Cannot enumerate AMD northbridges
[    0.639721] clocksource: Switched to clocksource kvm-clock
[    0.647672] AppArmor: AppArmor Filesystem Enabled
[    0.649339] pnp: PnP ACPI init
[    0.651432] pnp: PnP ACPI: found 3 devices
[    0.660860] clocksource: acpi_pm: mask: 0xffffff max_cycles: 0xffffff, max_idle_ns: 2085701024 ns
[    0.663640] NET: Registered protocol family 2
[    0.664880] TCP established hash table entries: 8192 (order: 4, 65536 bytes)
[    0.666496] TCP bind hash table entries: 8192 (order: 5, 131072 bytes)
[    0.667968] TCP: Hash tables configured (established 8192 bind 8192)
[    0.669390] UDP hash table entries: 512 (order: 2, 16384 bytes)
[    0.670715] UDP-Lite hash table entries: 512 (order: 2, 16384 bytes)
[    0.672177] NET: Registered protocol family 1
[    0.673226] pci 0000:00:00.0: Limiting direct PCI/PCI transfers
[    0.674644] pci 0000:00:01.0: Activating ISA DMA hang workarounds
[    0.676414] Unpacking initramfs...
[    0.876708] Freeing initrd memory: 14888K
[    0.878300] clocksource: tsc: mask: 0xffffffffffffffff max_cycles: 0x2879c456dd4, max_idle_ns: 440795285767 ns
[    0.882028] platform rtc_cmos: registered platform RTC device (no PNP device found)
[    0.884992] Scanning for low memory corruption every 60 seconds
[    0.887030] audit: initializing netlink subsys (disabled)
[    0.888334] audit: type=2000 audit(1658853292.116:1): initialized
[    0.889942] Initialise system trusted keyring
[    0.891452] HugeTLB registered 2 MB page size, pre-allocated 0 pages
[    0.893961] zbud: loaded
[    0.895153] VFS: Disk quotas dquot_6.6.0
[    0.896154] VFS: Dquot-cache hash table entries: 512 (order 0, 4096 bytes)
[    0.897795] squashfs: version 4.0 (2009/01/31) Phillip Lougher
[    0.899278] fuse init (API version 7.23)
[    0.900472] Key type big_key registered
[    0.901767] Allocating IMA MOK and blacklist keyrings.
[    0.903636] Key type asymmetric registered
[    0.904697] Asymmetric key parser 'x509' registered
[    0.906523] Block layer SCSI generic (bsg) driver version 0.4 loaded (major 249)
[    0.908709] io scheduler noop registered
[    0.909669] io scheduler deadline registered (default)
[    0.910882] io scheduler cfq registered
[    0.912035] pci_hotplug: PCI Hot Plug PCI Core version: 0.5
[    0.913635] pciehp: PCI Express Hot Plug Controller Driver version: 0.4
[    0.915556] ACPI: AC Adapter [AC] (on-line)
[    0.917469] input: Power Button as /devices/LNXSYSTM:00/LNXPWRBN:00/input/input0
[    0.919747] ACPI: Power Button [PWRF]
[    0.921099] input: Sleep Button as /devices/LNXSYSTM:00/LNXSLPBN:00/input/input1
[    0.922863] ACPI: Sleep Button [SLPF]
[    0.923941] GHES: HEST is not enabled!
[    0.925049] ACPI: Battery Slot [BAT0] (battery present)
[    0.926796] Serial: 8250/16550 driver, 32 ports, IRQ sharing enabled
[    0.949274] 00:02: ttyS0 at I/O 0x3f8 (irq = 4, base_baud = 115200) is a 16550A
[    0.953720] Linux agpgart interface v0.103
[    0.956242] loop: module loaded
[    0.957521] scsi host0: ata_piix
[    0.958425] scsi host1: ata_piix
[    0.959303] ata1: PATA max UDMA/33 cmd 0x1f0 ctl 0x3f6 bmdma 0xd000 irq 14
[    0.960890] ata2: PATA max UDMA/33 cmd 0x170 ctl 0x376 bmdma 0xd008 irq 15
[    0.962655] libphy: Fixed MDIO Bus: probed
[    0.963638] tun: Universal TUN/TAP device driver, 1.6
[    0.964978] tun: (C) 1999-2004 Max Krasnyansky <maxk@qualcomm.com>
[    0.966858] PPP generic driver version 2.4.2
[    0.968441] ehci_hcd: USB 2.0 'Enhanced' Host Controller (EHCI) Driver
[    0.970255] ehci-pci: EHCI PCI platform driver
[    0.971329] ehci-platform: EHCI generic platform driver
[    0.972602] ohci_hcd: USB 1.1 'Open' Host Controller (OHCI) Driver
[    0.974003] ohci-pci: OHCI PCI platform driver
[    0.975078] ohci-platform: OHCI generic platform driver
[    0.976443] uhci_hcd: USB Universal Host Controller Interface driver
[    0.978235] i8042: PNP: PS/2 Controller [PNP0303:PS2K,PNP0f03:PS2M] at 0x60,0x64 irq 1,12
[    0.980626] serio: i8042 KBD port at 0x60,0x64 irq 1
[    0.981799] serio: i8042 AUX port at 0x60,0x64 irq 12
[    0.983193] mousedev: PS/2 mouse device common for all mice
[    0.985028] input: AT Translated Set 2 keyboard as /devices/platform/i8042/serio0/input/input2
[    0.987696] rtc_cmos rtc_cmos: rtc core: registered rtc_cmos as rtc0
[    0.990202] rtc_cmos rtc_cmos: alarms up to one day, 114 bytes nvram
[    0.991746] i2c /dev entries driver
[    0.992724] device-mapper: uevent: version 1.0.3
[    0.993908] device-mapper: ioctl: 4.34.0-ioctl (2015-10-28) initialised: dm-devel@redhat.com
[    0.996071] ledtrig-cpu: registered to indicate activity on CPUs
[    0.997751] NET: Registered protocol family 10
[    0.998973] NET: Registered protocol family 17
[    1.000095] Key type dns_resolver registered
[    1.001487] registered taskstats version 1
[    1.002512] Loading compiled-in X.509 certificates
[    1.004229] Loaded X.509 cert 'Build time autogenerated kernel key: cf00e047681d67edb2720680708b7d9498083038'
[    1.006711] zswap: loaded using pool lzo/zbud
[    1.009384] Key type trusted registered
[    1.013257] Key type encrypted registered
[    1.014806] AppArmor: AppArmor sha1 policy hashing enabled
[    1.016358] ima: No TPM chip found, activating TPM-bypass!
[    1.017591] ima: Allocated hash algorithm: sha1
[    1.018923] evm: HMAC attrs: 0x1
[    1.020400]   Magic number: 14:686:591
[    1.021409] rtc_cmos rtc_cmos: setting system clock to 2022-07-26 16:34:44 UTC (1658853284)
[    1.023601] BIOS EDD facility v0.16 2004-Jun-25, 0 devices found
[    1.025105] EDD information not available.
[    1.144222] Freeing unused kernel memory: 1492K
[    1.146287] Write protecting the kernel read-only data: 14336k
[    1.148643] Freeing unused kernel memory: 1584K
[    1.150409] Freeing unused kernel memory: 52K
Loading, please wait...
starting version 229
[    1.163927] random: systemd-udevd: uninitialized urandom read (16 bytes read, 3 bits of entropy available)
[    1.164572] random: udevadm: uninitialized urandom read (16 bytes read, 3 bits of entropy available)
[    1.164600] random: udevadm: uninitialized urandom read (16 bytes read, 3 bits of entropy available)
[    1.172095] random: udevadm: uninitialized urandom read (16 bytes read, 3 bits of entropy available)
[    1.172144] random: udevadm: uninitialized urandom read (16 bytes read, 3 bits of entropy available)
[    1.172269] random: udevadm: uninitialized urandom read (16 bytes read, 3 bits of entropy available)
[    1.172356] random: udevadm: uninitialized urandom read (16 bytes read, 3 bits of entropy available)
[    1.172419] random: udevadm: uninitialized urandom read (16 bytes read, 3 bits of entropy available)
[    1.172472] random: udevadm: uninitialized urandom read (16 bytes read, 3 bits of entropy available)
[    1.172524] random: udevadm: uninitialized urandom read (16 bytes read, 3 bits of entropy available)
[    1.229074] e1000: Intel(R) PRO/1000 Network Driver - version 7.3.21-k8-NAPI
[    1.231622] e1000: Copyright (c) 1999-2006 Intel Corporation.
[    1.235568] Fusion MPT base driver 3.04.20
[    1.237025] Copyright (c) 1999-2008 LSI Corporation
[    1.244303] Fusion MPT SPI Host driver 3.04.20
[    1.246768] mptbase: ioc0: Initiating bringup
[    1.257819] AVX2 version of gcm_enc/dec engaged.
[    1.259463] AES CTR mode by8 optimization enabled
[    1.441617] ioc0: LSI53C1030 A0: Capabilities={Initiator}
[    1.453535] input: ImExPS/2 Generic Explorer Mouse as /devices/platform/i8042/serio1/input/input4
[    3.938374] scsi host2: ioc0: LSI53C1030 A0, FwRev=00000000h, Ports=1, MaxQ=256, IRQ=20
[    5.635957] scsi 2:0:0:0: Direct-Access     VBOX     HARDDISK         1.0  PQ: 0 ANSI: 5
[    5.639363] scsi target2:0:0: Beginning Domain Validation
[    5.641785] scsi target2:0:0: Domain Validation skipping write tests
[    5.643584] scsi target2:0:0: Ending Domain Validation
[    5.645198] scsi target2:0:0: asynchronous
[    5.646917] scsi 2:0:1:0: Direct-Access     VBOX     HARDDISK         1.0  PQ: 0 ANSI: 5
[    5.649300] scsi target2:0:1: Beginning Domain Validation
[    5.651465] scsi target2:0:1: Domain Validation skipping write tests
[    5.653481] scsi target2:0:1: Ending Domain Validation
[    5.654862] scsi target2:0:1: asynchronous
[    5.660640] sd 2:0:0:0: Attached scsi generic sg0 type 0
[    5.662017] sd 2:0:0:0: [sda] 83886080 512-byte logical blocks: (42.9 GB/40.0 GiB)
[    5.673029] sd 2:0:1:0: [sdb] 20480 512-byte logical blocks: (10.5 MB/10.0 MiB)
[    5.673251] sd 2:0:1:0: Attached scsi generic sg1 type 0
[    5.673818] sd 2:0:0:0: [sda] Write Protect is off
[    5.674089] sd 2:0:0:0: [sda] Incomplete mode parameter data
[    5.674090] sd 2:0:0:0: [sda] Assuming drive cache: write through
[    5.682874] sd 2:0:1:0: [sdb] Write Protect is off
[    5.684300] sd 2:0:1:0: [sdb] Incomplete mode parameter data
[    5.685725] sd 2:0:1:0: [sdb] Assuming drive cache: write through
[    5.692897]  sda: sda1
[    5.695266] sd 2:0:0:0: [sda] Attached SCSI disk
[    5.697146] sd 2:0:1:0: [sdb] Attached SCSI disk
[    6.648498] e1000 0000:00:03.0 eth0: (PCI:33MHz:32-bit) 02:be:82:6b:cc:1d
[    6.650771] e1000 0000:00:03.0 eth0: Intel(R) PRO/1000 Network Connection
[    7.659193] e1000 0000:00:08.0 eth1: (PCI:33MHz:32-bit) 08:00:27:3e:79:04
[    7.661345] e1000 0000:00:08.0 eth1: Intel(R) PRO/1000 Network Connection
[    7.664517] e1000 0000:00:03.0 enp0s3: renamed from eth0
[    7.684809] e1000 0000:00:08.0 enp0s8: renamed from eth1
Begin: Loading essential drivers ... [    8.978607] md: linear personality registered for level -1
[    8.982362] md: multipath personality registered for level -4
[    8.986497] md: raid0 personality registered for level 0
[    8.991566] md: raid1 personality registered for level 1
[    9.063829] raid6: sse2x1   gen() 10376 MB/s
[    9.131770] raid6: sse2x1   xor()  7793 MB/s
[    9.199873] raid6: sse2x2   gen() 13869 MB/s
[    9.267961] raid6: sse2x2   xor()  9952 MB/s
[    9.335768] raid6: sse2x4   gen() 16427 MB/s
[    9.404027] raid6: sse2x4   xor() 11149 MB/s
[    9.472277] raid6: avx2x1   gen() 21257 MB/s
[    9.540082] raid6: avx2x2   gen() 26982 MB/s
[    9.607826] raid6: avx2x4   gen() 28853 MB/s
[    9.609652] raid6: using algorithm avx2x4 gen() 28853 MB/s
[    9.611108] raid6: using avx2x2 recovery algorithm
[    9.613924] xor: automatically using best checksumming function:
[    9.651760]    avx       : 26242.000 MB/sec
[    9.654220] async_tx: api initialized (async)
[    9.663813] md: raid6 personality registered for level 6
[    9.665851] md: raid5 personality registered for level 5
[    9.667936] md: raid4 personality registered for level 4
[    9.675273] md: raid10 personality registered for level 10
done.
Begin: Running /scripts/init-premount ... done.
Begin: Mounting root file system ... Begin: Running /scripts/local-top ... done.
Begin: Running /scripts/local-premount ... [    9.704619] Btrfs loaded
Scanning for Btrfs filesystems
done.
Warning: fsck not present, so skipping root file system
[    9.748917] EXT4-fs (sda1): mounted filesystem with ordered data mode. Opts: (null)
done.
Begin: Running /scripts/local-bottom ... done.
Begin: Running /scripts/init-bottom ... done.
[    9.866558] systemd[1]: systemd 229 running in system mode. (+PAM +AUDIT +SELINUX +IMA +APPARMOR +SMACK +SYSVINIT +UTMP +LIBCRYPTSETUP +GCRYPT +GNUTLS +ACL +XZ -LZ4 +SECCOMP +BLKID +ELFUTILS +KMOD -IDN)
[    9.871704] systemd[1]: Detected virtualization oracle.
[    9.872987] systemd[1]: Detected architecture x86-64.

Welcome to [1mUbuntu 16.04.7 LTS[0m!

[    9.877809] systemd[1]: Set hostname to <ubuntu>.
[    9.881301] systemd[1]: Initializing machine ID from random generator.
[    9.882905] systemd[1]: Installed transient /etc/machine-id file.
[   10.030663] systemd[1]: Listening on Journal Audit Socket.
[[0;32m  OK  [0m] Listening on Journal Audit Socket.
[   10.033254] systemd[1]: Started Trigger resolvconf update for networkd DNS.
[[0;32m  OK  [0m] Started Trigger resolvconf update for networkd DNS.
[   10.036508] systemd[1]: Listening on fsck to fsckd communication Socket.
[[0;32m  OK  [0m] Listening on fsck to fsckd communication Socket.
[   10.039203] systemd[1]: Listening on udev Kernel Socket.
[[0;32m  OK  [0m] Listening on udev Kernel Socket.
[   10.041809] systemd[1]: Reached target Encrypted Volumes.
[[0;32m  OK  [0m] Reached target Encrypted Volumes.
[   10.045020] systemd[1]: Listening on /dev/initctl Compatibility Named Pipe.
[[0;32m  OK  [0m] Listening on /dev/initctl Compatibility Named Pipe.
[   10.634773] systemd[1]: Listening on Journal Socket (/dev/log).
[[0;32m  OK  [0m] Listening on Journal Socket (/dev/log).
[   10.638124] systemd[1]: Reached target Swap.
[[0;32m  OK  [0m] Reached target Swap.
[   10.640809] systemd[1]: Started Forward Password Requests to Wall Directory Watch.
[[0;32m  OK  [0m] Started Forward Password Requests to Wall Directory Watch.
[   10.645091] systemd[1]: Listening on Syslog Socket.
[[0;32m  OK  [0m] Listening on Syslog Socket.
[   10.648138] systemd[1]: Listening on LVM2 poll daemon socket.
[[0;32m  OK  [0m] Listening on LVM2 poll daemon socket.
[   10.651041] systemd[1]: Reached target System Time Synchronized.
[[0;32m  OK  [0m] Reached target System Time Synchronized.
[   10.653973] systemd[1]: Listening on Journal Socket.
[[0;32m  OK  [0m] Listening on Journal Socket.
[   10.656733] systemd[1]: Created slice System Slice.
[[0;32m  OK  [0m] Created slice System Slice.
[   10.668670] systemd[1]: Starting Set console keymap...
         Starting Set console keymap...
[   10.676670] systemd[1]: Starting Uncomplicated firewall...
         Starting Uncomplicated firewall...
[   10.692446] systemd[1]: Starting Nameserver information manager...
         Starting Nameserver information manager...
[   10.700927] systemd[1]: Mounting Huge Pages File System...
         Mounting Huge Pages File System...
[   10.705405] systemd[1]: Starting Journal Service...
         Starting Journal Service...
[   10.708435] systemd[1]: Set up automount Arbitrary Executable File Formats File System Automount Point.
[[0;32m  OK  [0m] Set up automount Arbitrary Executab...ats File System Automount Point.
[   10.715602] systemd[1]: Starting Create list of required static device nodes for the current kernel...
         Starting Create list of required st... nodes for the current kernel...
[   10.720510] systemd[1]: Created slice system-serial\x2dgetty.slice.
[[0;32m  OK  [0m] Created slice system-serial\x2dgetty.slice.
[   10.724041] systemd[1]: Starting File System Check on Root Device...
         Starting File System Check on Root Device...
[   10.727084] systemd[1]: Listening on Device-mapper event daemon FIFOs.
[[0;32m  OK  [0m] Listening on Device-mapper event daemon FIFOs.
[   10.732067] systemd[1]: Created slice User and Session Slice.
[[0;32m  OK  [0m] Created slice User and Session Slice.
[ 
10.739922] systemd[1]: Reached target Slices.
[[0;32m  OK  [0m] Reached target Slices.
[   10.742106] systemd[1]: Listening on udev Control Socket.
[[0;32m  OK  [0m] Listening on udev Control Socket.
[   10.744814] systemd[1]: Listening on LVM2 metadata daemon socket.
[[0;32m  OK  [0m] Listening on LVM2 metadata daemon socket.
[   10.768231] systemd[1]: Mounting POSIX Message Queue File System...
         Mounting POSIX Message Queue File System...
[   10.772461] systemd[1]: Mounting Debug File System...
         Mounting Debug File System...
[   10.777518] systemd[1]: Starting Load Kernel Modules...
         Starting Load Kernel Modules...
[   10.780136] systemd[1]: Reached target User and Group Name Lookups.
[[0;32m  OK  [0m] Reached target User and Group Name Lookups.
[   10.783583] systemd[1]: Starting Monitoring of LVM2 mirrors, snapshots etc. using dmeventd or progress polling...
         Starting Monitoring of LVM2 mirrors... dmeventd or progress polling...
[   10.791341] systemd[1]: Mounted Huge Pages File System.
[[0;32m  OK  [0m] Mounted Huge Pages File System.
[   10.793784] systemd[1]: Mounted POSIX Message Queue File System.
[[0;32m  OK  [0m] Mounted POSIX Message Queue File System.
[   10.796929] systemd[1]: Mounted Debug File System.
[[0;32m  OK  [0m] Mounted Debug File System.
[   10.799515] Loading iSCSI transport class v2.0-870.
[   10.799618] systemd[1]: Started Journal Service.
[[0;32m  OK  [0m] Started Journal Service.
[[0;32m  OK  [0m] Started Set console keymap.
[[0;32m  OK  [0m] Started Uncomplicated firewall.
[[0;32m  OK  [0m] Started Create list of required sta...ce nodes for the current kernel.
[   10.810155] iscsi: registered transport (tcp)
[[0;32m  OK  [0m] Started File System Check on Root Device.
[[0;32m  OK  [0m] Started Nameserver information manager.
[[0;32m  OK  [0m] Started LVM2 metadata daemon.
[[0;32m  OK  [0m] Started File System Check Daemon to report status.
         Starting Remount Root and Kernel File Systems...
[   10.840312] iscsi: registered transport (iser)
[   10.841206] EXT4-fs (sda1): re-mounted. Opts: (null)
         Starting Create Static Device Nodes in /dev...
[   10.851657] random: nonblocking pool is initialized
[[0;32m  OK  [0m] Started Load Kernel Modules.
[[0;32m  OK  [0m] Started Remount Root and Kernel File Systems.
         Starting Flush Journal to Persistent Storage...
         Starting udev Coldplug all Devices...
         Starting Load/Save Random Seed...
         Mounting FUSE Control File System...
         Starting Apply Kernel Variables...
[[0;32m  OK  [0m] Mounted FUSE Control File System.
[[0;32m  OK  [0m] Started Create Static Device Nodes in /dev.
[[0;32m  OK  [0m] Started Load/Save Random Seed.
         Starting udev Kernel Device Manager...
[[0;32m  OK  [0m] Started Apply Kernel Variables.
[[0;32m  OK  [0m] Started Flush Journal to Persistent Storage.
[[0;32m  OK  [0m] Started udev Coldplug all Devices.
[[0;32m  OK  [0m] Started udev Kernel Device Manager.
[[0;32m  OK  [0m] Started Dispatch Password Requests to Console Directory Watch.
[[0;32m  OK  [0m] Found device /dev/ttyS0.
[[0;32m  OK  [0m] Started Monitoring of LVM2 mirrors,...ng dmeventd or progress polling.
[[0;32m  OK  [0m] Reached target Local File Systems (Pre).
[[0;32m  OK  [0m] Reached target Local File Systems.
         Starting Create Volatile Files and Directories...
         Starting LSB: AppArmor initialization...
         Starting Tell Plymouth To Write Out Runtime Data...
         Starting Set console font and keymap...
         Starting Commit a transient machine-id on disk...
         Starting Initial cloud-init job (pre-networking)...
[[0;32m  OK  [0m] Started Create Volatile Files and Directories.
         Starting Update UTMP about System Boot/Shutdown...
[[0;32m  OK  [0m] Started Tell Plymouth To Write Out Runtime Data.
[[0;32m  OK  [0m] Started Update UTMP about System Boot/Shutdown.
[[0;32m  OK  [0m] Started Commit a transient machine-id on disk.
[[0;32m  OK  [0m] Listening on Load/Save RF Kill Switch Status /dev/rfkill Watch.
[[0;32m  OK  [0m] Started LSB: AppArmor initialization.
         Starting Load AppArmor profiles managed internally by snapd...
[   11.969678] cloud-init[558]: Cloud-init v. 21.1-19-gbad84ad4-0ubuntu1~16.04.2 running 'init-local' at Tue, 26 Jul 2022 16:34:55 +0000. Up 11.59 seconds.
[[0;32m  OK  [0m] Started Load AppArmor profiles managed internally by snapd.
[[0;32m  OK  [0m] Started Initial cloud-init job (pre-networking).
[[0;32m  OK  [0m] Reached target Network (Pre).
         Starting Raise network interfaces...
[[0;32m  OK  [0m] Started Set console font and keymap.
[[0;32m  OK  [0m] Created slice system-getty.slice.
[[0;32m  OK  [0m] Started Raise network interfaces.
         Starting Initial cloud-init job (metadata service crawler)...
[[0;32m  OK  [0m] Reached target Network.
[   12.971640] cloud-init[958]: Cloud-init v. 21.1-19-gbad84ad4-0ubuntu1~16.04.2 running 'init' at Tue, 26 Jul 2022 16:34:56 +0000. Up 12.57 seconds.
[   12.980485] cloud-init[958]: ci-info: ++++++++++++++++++++++++++++++++++++++Net device info+++++++++++++++++++++++++++++++++++++++
[   12.988521] cloud-init[958]: ci-info: +--------+-------+----------------------------+---------------+--------+-------------------+
[   12.990377] cloud-init[958]: ci-info: | Device |   Up  |          Address           |      Mask     | Scope  |     Hw-Address    |
[   13.000544] cloud-init[958]: ci-info: +--------+-------+----------------------------+---------------+--------+-------------------+
[   13.008457] [[0;32m  OK  [0m] Started Initial cloud-init job (metadata service crawler).
[[0;32m  OK  [0m] Reached target System Initialization.
cloud-init[958]: ci-info: | enp0s3 |  True |         10.0.2.15          | 255.255.255.0 | global | 02:be:82:6b:cc:1d |
[   13.011561] cloud-init[958]: ci-info: | enp0s3 |  True | fe80::be:82ff:fe6b:cc1d/64 |       .       |  link  | 02:be:82:6b:cc:1d |
[[0;32m  OK  [0m] Listening on ACPID Listen Socket.
[[0;32m  OK  [0m] Started Daily Cleanup of Temporary Directories.
[[0;32m  OK  [0m] Started Message of the Day.
[[0;32m  OK  [0m] Listening on UUID daemon activation socket.
[   13.015792] cloud-init[958]: ci-info: | enp0s8 | False |             .              |       .       |   .    | 08:00:27:3e:79:04 |
[   13.040479] cloud-init[958]: ci-info: |   lo   |  True |         127.0.0.1          |   255.0.0.0   |  host  |         .         |
[   13.042222] cloud-init[958]: ci-info: |   lo   |  True |          ::1/128           |       .       |  host  |         .         |
[[0;32m  OK  [0m] Listening on D-Bus System Message Bus Socket.
[[0;32m  OK  [0m] Started Ubuntu Advantage update messaging.
[[0;32m  OK  [0m] Started Daily apt download activities.
[   13.051597] cloud-init[958]: ci-info: +--------+-------+----------------------------+---------------+--------+-------------------+
[   13.068625] cloud-init[958]: ci-info: +++++++++++++++++++++++++++Route IPv4 info++++++++++++++++++++++++++++
[   13.070141] cloud-init[958]: ci-info: +-------+-------------+----------+---------------+-----------+-------+
[   13.071502] cloud-init[958]: ci-info: | Route | Destination | Gateway  |    Genmask    | Interface | Flags |
[   13.076129] [cloud-init[0;32m  OK  [0m[958]: ] ci-info: +-------+-------------+----------+---------------+-----------+-------+Started ACPI Events Check.

[[0;32m  OK  [0m] Reached target Paths.
[   13.076654] cloud-init[958]: ci-info: |   0   |   0.0.0.0   | 10.0.2.2 |    0.0.0.0    |   enp0s3  |   UG  |
[   13.085146]          cloud-initStarting Socket activation for snappy daemon.[958]: 
ci-info: |   1   |   10.0.2.0  | 0.0.0.0  | 255.255.255.0 |   enp0s3  |   U   |
[   13.088571]          cloud-initStarting LXD - unix socket.[958]: 
ci-info: +-------+-------------+----------+---------------+-----------+-------+
[   13.100614] [[0;32m  OK  [0m] Started Daily apt upgrade and clean activities.
[[0;32m  OK  [0m] Reached target Timers.
[[0;32m  OK  [0m] Reached target Network is Online.
cloud-init[958]: ci-info: +++++++++++++++++++Route IPv6 info+++++++++++++++++++
[   13.105002] cloud-init[958]: ci-info: +-------+-------------+---------+-----------+-------+
[   13.106331] cloud-init[958]: ci-info: | Route | Destination | Gateway | Interface | Flags |
[   13.107375] cloud-init[958]: ci-info: +-------+-------------+---------+-----------+-------+
[   13.108884] cloud-init[958]: ci-info: |   0   |  fe80::/64  |    ::   |   enp0s3  |   U   |
         Starting iSCSI initiator daemon (iscsid)...
[[   13.113089] cloud-init[958]: ci-info: |   3   |   ff00::/8  |    ::   |   enp0s3  |   U   |
[   13.116812] cloud-init[958]: ci-info: +-------+-------------+---------+-----------+-------+
[0;32m  OK  [0m] Reached target Cloud-config availability.
[   13.116881] cloud-init[958]: Generating public/private rsa key pair.
[   13.124326] cloud-init[958]: Your identification has been saved in /etc/ssh/ssh_host_rsa_key.
[   13.124571] cloud-init[958]: Your public key has been saved in /etc/ssh/ssh_host_rsa_key.pub.
[[0;32m  OK  [0m] Listening on Socket activation for snappy daemon.
[   13.124622] cloud-init[958]: The key fingerprint is:
[   13.133821] cloud-init[958]: SHA256:7suVJ1hkRvN0oK36Q70cfvYLwbg0+G4JnxtVjeesXvA root@ubuntu-xenial
[   13.134058] cloud-init[958]: The key's randomart image is:
[[0;32m  OK  [0m] Listening on LXD - unix socket.
[   13.134111] cloud-init[958]: +---[RSA 2048]----+
[   13.139203] cloud-init[958]: |          o o..  |
[   13.140465] cloud-init[958]: |         . * . ..|
[   13.141651] cloud-init[958]: |          = o ..o|
[   13.142919] cloud-init[958]: |         +..o .+ |
[   13.144089] cloud-init[958]: |        S.o= +. o|
[   13.152270] cloud-init[958]: |       . =+.* .+ |
[   13.153826] cloud-init[958]: |        +.**++. E|
[[0;32m  OK  [0m] Reached target Sockets.
[[0;32m  OK  [0m] Reached target Basic System.
[   13.159353] cloud-init[958]: |       o ooB=.+. |
[   13.164149] cloud-init[958]: |        +.o+.o.oo|
[   13.165543] cloud-init[958]: +----[SHA256]-----+
[   13.166763] cloud-init[958]: Generating public/private dsa key pair.
[   13.169150]          Starting System Logging Service...
cloud-init[[0;32m  OK  [0m] Started FUSE filesystem for LXC.
[958]: Your identification has been saved in /etc/ssh/ssh_host_dsa_key.         Starting Login Service...
         Starting Accounts Service...
[[0;32m  OK  [0m] Started Deferred execution scheduler.
         Starting Virtualbox guest utils...
[[0;32m  OK  [0m] Started Regular background program processing daemon.
         Starting /etc/rc.local Compatibility...

[   13.196786] [[0;32m  OK  [0m] Started ACPI event daemon.
cloud-init[958]: Your public key has been saved in /etc/ssh/ssh_host_dsa_key.pub.
         Starting LSB: Record successful boot for GRUB...
[   13.202094] cloud-init[958]: The key fingerprint is:
         Starting LXD - container startup/shutdown...
[   13.207859] cloud-init[958]: SHA256:msvd5hhQJPBw/9Mf+r+jS+sc0CxQDm7fllpGrTGK/QI root@ubuntu-xenial
         Starting Pollinate to seed the pseudo random number generator...
[[0;32m  OK  [0m] Started D-Bus System Message Bus.
[   13.218555] cloud-init[958]: The key's randomart image is:
[   13.224418] cloud-init[958]: +---[DSA 1024]----+
[   13.229840] cloud-init[958]: |    o.o .. .     |
[   13.231192] cloud-init[958]: |     + +. +   .  |
[   13.233182] cloud-init[958]: |      . o+ . + . |
[   13.234718] cloud-init[958]: |       ...=.* =  |
[   13.236879] cloud-init[958]: |      . SEo*.X.  |
[   13.239765] cloud-init[958]: |       +  ..Oo . |
[   13.241386] cloud-init[958]: |      o .  o.+.  |
[   13.242811] cloud-init[958]: |     . o +. +.o. |
[   13.246817] cloud-init[958]: |      o ooo .*+o+|
[   13.249200] cloud-init[958]: +----[SHA256]-----+
[   13.250905] cloud-init[958]: Generating public/private ecdsa key pair.
[   13.252533] cloud-init[958]: Your identification has been saved in /etc/ssh/ssh_host_ecdsa_key.
[   13.258178] cloud-init[958]: Your public key has been saved in /etc/ssh/ssh_host_ecdsa_key.pub.
[   13.262670] cloud-init[958]: The key fingerprint is:
         Starting LSB: MD monitoring daemon...
[   13.275939]          Starting Snap Daemon...
[[0;32m  OK  [0m] Started System Logging Service.
[[0;32m  OK  [0m] Started iSCSI initiator daemon (iscsid).
[[0;32m  OK  [0m] Started /etc/rc.local Compatibility.
cloud-init[958]: SHA256:toF+uGWEyUPD1o7tgF63vkvpGd8666joTP6w5m0CF2Q root@ubuntu-xenial
[   13.285070] cloud-init[958]: The key's randomart image is:
[   13.288460] cloud-init[958]: +---[ECDSA 256]---+
[   13.292909] cloud-init[958]: |                 |
[   13.294669] cloud-init[958]: |    E. .         |
[   13.295821] cloud-init[958]: |   o  = .        |
[[0;32m  OK  [0m] Started Login Service.
[   13.300840] cloud-init[958]: |    .= O         |
[   13.312872] [[0;32m  OK  [0m] Started Unattended Upgrades Shutdown.
cloud-init[958]: |    ..X S        |
         Starting Authenticate and Authorize Users to Run Privileged Tasks...
         Starting Login to default iSCSI targets...
[   13.315196] cloud-init[958]: |  ...o O =       |
[   13.337917] cloud-init[958]: |   o+ o @        |
[   13.342060] cloud-init[958]: |   +o=.O =..     |
[   13.344517] cloud-init[958]: |   +B+=.B+=+.    |
[   13.347955] [[0;32m  OK  [0m] Started LSB: Record successful boot for GRUB.
cloud-init[958]: +----[SHA256]-----+
[[0;32m  OK  [0m] Started Login to default iSCSI targets.
[[0;32m  OK  [0m] Reached target Remote File Systems (Pre).
[[0;32m  OK  [0m] Reached target Remote File Systems.
[   13.355532] cloud-init[958]: Generating public/private ed25519 key pair.
[   13.376281] cloud-init[958]: Your identification has been saved in /etc/ssh/ssh_host_ed25519_key.
         Starting LSB: automatic crash report generation...
         Starting Permit User Sessions...
         Starting LSB: daemon to balance interrupts for SMP systems...
         Starting LSB: Set the CPU Frequency Scaling governor to "ondemand"...
[   13.382096] cloud-init[958]: Your public key has been saved in /etc/ssh/ssh_host_ed25519_key.pub.
[   13.388662] cloud-init[958]: The key fingerprint is:[[0;32m  OK  [0m] Started LSB: MD monitoring daemon.
[[0;32m  OK  [0m] Started Authenticate and Authorize Users to Run Privileged Tasks.
[[0;32m  OK  [0m] Started Accounts Service.
[[0;32m  OK  [0m] Started LXD - container startup/shutdown.
[[0;32m  OK  [0m] Started Permit User Sessions.
         Starting Hold until boot process finishes up...
         Starting Terminate Plymouth Boot Screen...

[   13.412317] cloud-init[958]: SHA256:J4drC79G3Kd22RvVPKsdBXqMCodjWjmoxdyh9jAnVEY root@ubuntu-xenial
[[0;32m  OK  [0m] Started Hold until boot process finishes up.
[   13.414422] [[0;32m  OK  [0m] Started Serial Getty on ttyS0.
cloud-init[958]: The key's randomart image is:
[   13.415879] cloud-init[958]: +--[ED25519 256]--+
[[0;32m  OK  [0m] Started Getty on tty1.
[   13.416920] [[0;32m  OK  [0m] Reached target Login Prompts.
cloud-init[958]: |       .E        |
         Starting Set console scheme...
[   13.419305] [[0;32m  OK  [0m] Started Set console scheme.
cloud-init[958]: |       o         |
[[0;32m  OK  [0m] Started Terminate Plymouth Boot Screen.
[   13.429791] cloud-init[958]: |      . .     .  |
[   13.433930] cloud-init[958]: |     + + =   + o.|
[[0;32m  OK  [0m] Started LSB: Set the CPU Frequency Scaling governor to "ondemand".
[   13.446087] cloud-init[958]: |      @.S.+ o o.=|
[   13.455482] cloud-init[958]: |     + XoX.... .+|
[   13.456507] cloud-init[958]: |    . o.+ .o o.o |
[[0;32m  OK  [0m] Started LSB: daemon to balance interrupts for SMP systems.
[   13.457795] cloud-init[958]: |       +..o o +..|
[   13.460137] cloud-init[958]: |       .+o . ..o |[[0;32m  OK  [0m] Started LSB: automatic crash report generation.

[   13.467543] cloud-init[958]: +----[SHA256]-----+
[[0;32m  OK  [0m] Started Virtualbox guest utils.
[[0;32m  OK  [0m] Started Snap Daemon.
         Starting Wait until snapd is fully seeded...
[[0;32m  OK  [0m] Started Pollinate to seed the pseudo random number generator.
         Starting OpenBSD Secure Shell server...
[[0;32m  OK  [0m] Started OpenBSD Secure Shell server.
[[0;32m  OK  [0m] Created slice User Slice of vagrant.
         Starting User Manager for UID 1000...
[[0;32m  OK  [0m] Started Session 1 of user vagrant.
[[0;32m  OK  [0m] Started User Manager for UID 1000.
[[0;32m  OK  [0m] Started Wait until snapd is fully seeded.
         Starting Apply the settings specified in cloud-config...
[[0;32m  OK  [0m] Reached target Multi-User System.
[[0;32m  OK  [0m] Reached target Graphical Interface.
         Starting Update UTMP about System Runlevel Changes...
[[0;32m  OK  [0m] Started Update UTMP about System Runlevel Changes.
[   17.111028] cloud-init[1413]: Generating locales (this might take a while)...
[[0;32m  OK  [0m] Started Session 2 of user vagrant.
[   17.838847] cloud-init[1413]:   en_US.UTF-8... done
[   17.840033] cloud-init[1413]: Generation complete.
[   18.134208] cloud-init[1413]: Cloud-init v. 21.1-19-gbad84ad4-0ubuntu1~16.04.2 running 'modules:config' at Tue, 26 Jul 2022 16:35:00 +0000. Up 17.01 seconds.
[[0;32m  OK  [0m] Started Apply the settings specified in cloud-config.
         Starting Execute cloud user/final scripts...
ci-info: no authorized SSH keys fingerprints found for user ubuntu.
<14>Jul 26 16:35:02 ec2: 
<14>Jul 26 16:35:02 ec2: #############################################################
<14>Jul 26 16:35:02 ec2: -----BEGIN SSH HOST KEY FINGERPRINTS-----
<14>Jul 26 16:35:02 ec2: 1024 SHA256:msvd5hhQJPBw/9Mf+r+jS+sc0CxQDm7fllpGrTGK/QI root@ubuntu-xenial (DSA)
<14>Jul 26 16:35:02 ec2: 256 SHA256:toF+uGWEyUPD1o7tgF63vkvpGd8666joTP6w5m0CF2Q root@ubuntu-xenial (ECDSA)
<14>Jul 26 16:35:02 ec2: 256 SHA256:J4drC79G3Kd22RvVPKsdBXqMCodjWjmoxdyh9jAnVEY root@ubuntu-xenial (ED25519)
<14>Jul 26 16:35:02 ec2: 2048 SHA256:7suVJ1hkRvN0oK36Q70cfvYLwbg0+G4JnxtVjeesXvA root@ubuntu-xenial (RSA)
<14>Jul 26 16:35:02 ec2: -----END SSH HOST KEY FINGERPRINTS-----
<14>Jul 26 16:35:02 ec2: #############################################################
-----BEGIN SSH HOST KEY KEYS-----
ecdsa-sha2-nistp256 AAAAE2VjZHNhLXNoYTItbmlzdHAyNTYAAAAIbmlzdHAyNTYAAABBBCbsyEHM75FRjYITlK5YUmrWJLVogZW+LaIV9Yp3AcgHLd90BxcKrDipL3GPsugx0pAIjwljW6nhG71A4G0Q/Dk= root@ubuntu-xenial
ssh-ed25519 AAAAC3NzaC1lZDI1NTE5AAAAILSrv+GeTmgloZZiC8lyrqjEhhe87CJrk5D7bpFYwKas root@ubuntu-xenial
ssh-rsa AAAAB3NzaC1yc2EAAAADAQABAAABAQCu0R9oYkRl/FoNNuJinBfXDQu2YIB+iUuIr1hHo4QjtIyPMbe9l1jCK+kbcf0x6G4oJK9/0cPQ2KeBnFIx89yXIH/gHGypxxx41QRODAWF5TL6ka1/MgXiCe4qxvM9lNSK8+myZq/9pSzcwEzMC4XnbF6PleQxiUQifG1M5/nY3H7RdXLYQMivFv+pESQLMPBgyt3S0jlyXRMDnU5J4GrFcmk01K0JSnRCLbQpF5WxrJoxwCkE2DPWyJogxFf9yoA9cEIf6adpHqmbmRaby2Q+4dNPAEcTibBloA0p+enK9BxvwBbaxld5Osp5N5BYCKh2Y9xnIPxVy9TUSyZ256p5 root@ubuntu-xenial
-----END SSH HOST KEY KEYS-----
[   18.549988] cloud-init[1620]: Cloud-init v. 21.1-19-gbad84ad4-0ubuntu1~16.04.2 running 'modules:final' at Tue, 26 Jul 2022 16:35:02 +0000. Up 18.41 seconds.
[   18.551727] cloud-init[1620]: ci-info: no authorized SSH keys fingerprints found for user ubuntu.
[   18.552636] cloud-init[1620]: Cloud-init v. 21.1-19-gbad84ad4-0ubuntu1~16.04.2 finished at Tue, 26 Jul 2022 16:35:02 +0000. Datasource DataSourceNoCloud [seed=/dev/sdb][dsmode=net].  Up 18.54 seconds

Ubuntu 16.04.7 LTS web01 ttyS0

web01 login: 